2025-09-23T19:27:35: C:\Users\SandroNapan(Proyecto\Documents\GitHub\login-osinergmin\server.js:496
2025-09-23T19:27:35:     } catch (err) {
2025-09-23T19:27:35:       ^^^^^
2025-09-23T19:27:35: 
2025-09-23T19:27:35: SyntaxError: Unexpected token 'catch'
2025-09-23T19:27:35:     at wrapSafe (node:internal/modules/cjs/loader:1638:18)
2025-09-23T19:27:35:     at Module._compile (node:internal/modules/cjs/loader:1680:20)
2025-09-23T19:27:35:     at Object..js (node:internal/modules/cjs/loader:1839:10)
2025-09-23T19:27:35:     at Module.load (node:internal/modules/cjs/loader:1441:32)
2025-09-23T19:27:35:     at Function._load (node:internal/modules/cjs/loader:1263:12)
2025-09-23T19:27:35:     at Object.<anonymous> (C:\Users\SandroNapan(Proyecto\AppData\Roaming\npm\node_modules\pm2\lib\ProcessContainerFork.js:33:23)
2025-09-23T19:27:35:     at Module._compile (node:internal/modules/cjs/loader:1706:14)
2025-09-23T19:27:35:     at Object..js (node:internal/modules/cjs/loader:1839:10)
2025-09-23T19:27:35:     at Module.load (node:internal/modules/cjs/loader:1441:32)
2025-09-23T19:27:35:     at Function._load (node:internal/modules/cjs/loader:1263:12)
2025-09-23T19:27:41: C:\Users\SandroNapan(Proyecto\Documents\GitHub\login-osinergmin\server.js:496
2025-09-23T19:27:41:     } catch (err) {
2025-09-23T19:27:41:       ^^^^^
2025-09-23T19:27:41: 
2025-09-23T19:27:41: SyntaxError: Unexpected token 'catch'
2025-09-23T19:27:41:     at wrapSafe (node:internal/modules/cjs/loader:1638:18)
2025-09-23T19:27:41:     at Module._compile (node:internal/modules/cjs/loader:1680:20)
2025-09-23T19:27:41:     at Object..js (node:internal/modules/cjs/loader:1839:10)
2025-09-23T19:27:41:     at Module.load (node:internal/modules/cjs/loader:1441:32)
2025-09-23T19:27:41:     at Function._load (node:internal/modules/cjs/loader:1263:12)
2025-09-23T19:27:41:     at Object.<anonymous> (C:\Users\SandroNapan(Proyecto\AppData\Roaming\npm\node_modules\pm2\lib\ProcessContainerFork.js:33:23)
2025-09-23T19:27:41:     at Module._compile (node:internal/modules/cjs/loader:1706:14)
2025-09-23T19:27:41:     at Object..js (node:internal/modules/cjs/loader:1839:10)
2025-09-23T19:27:41:     at Module.load (node:internal/modules/cjs/loader:1441:32)
2025-09-23T19:27:41:     at Function._load (node:internal/modules/cjs/loader:1263:12)
2025-09-23T19:27:46: C:\Users\SandroNapan(Proyecto\Documents\GitHub\login-osinergmin\server.js:496
2025-09-23T19:27:46:     } catch (err) {
2025-09-23T19:27:46:       ^^^^^
2025-09-23T19:27:46: 
2025-09-23T19:27:46: SyntaxError: Unexpected token 'catch'
2025-09-23T19:27:46:     at wrapSafe (node:internal/modules/cjs/loader:1638:18)
2025-09-23T19:27:46:     at Module._compile (node:internal/modules/cjs/loader:1680:20)
2025-09-23T19:27:46:     at Object..js (node:internal/modules/cjs/loader:1839:10)
2025-09-23T19:27:46:     at Module.load (node:internal/modules/cjs/loader:1441:32)
2025-09-23T19:27:46:     at Function._load (node:internal/modules/cjs/loader:1263:12)
2025-09-23T19:27:46:     at Object.<anonymous> (C:\Users\SandroNapan(Proyecto\AppData\Roaming\npm\node_modules\pm2\lib\ProcessContainerFork.js:33:23)
2025-09-23T19:27:46:     at Module._compile (node:internal/modules/cjs/loader:1706:14)
2025-09-23T19:27:46:     at Object..js (node:internal/modules/cjs/loader:1839:10)
2025-09-23T19:27:46:     at Module.load (node:internal/modules/cjs/loader:1441:32)
2025-09-23T19:27:46:     at Function._load (node:internal/modules/cjs/loader:1263:12)
2025-09-23T19:27:51: C:\Users\SandroNapan(Proyecto\Documents\GitHub\login-osinergmin\server.js:496
2025-09-23T19:27:51:     } catch (err) {
2025-09-23T19:27:51:       ^^^^^
2025-09-23T19:27:51: 
2025-09-23T19:27:51: SyntaxError: Unexpected token 'catch'
2025-09-23T19:27:51:     at wrapSafe (node:internal/modules/cjs/loader:1638:18)
2025-09-23T19:27:51:     at Module._compile (node:internal/modules/cjs/loader:1680:20)
2025-09-23T19:27:51:     at Object..js (node:internal/modules/cjs/loader:1839:10)
2025-09-23T19:27:51:     at Module.load (node:internal/modules/cjs/loader:1441:32)
2025-09-23T19:27:51:     at Function._load (node:internal/modules/cjs/loader:1263:12)
2025-09-23T19:27:51:     at Object.<anonymous> (C:\Users\SandroNapan(Proyecto\AppData\Roaming\npm\node_modules\pm2\lib\ProcessContainerFork.js:33:23)
2025-09-23T19:27:51:     at Module._compile (node:internal/modules/cjs/loader:1706:14)
2025-09-23T19:27:51:     at Object..js (node:internal/modules/cjs/loader:1839:10)
2025-09-23T19:27:51:     at Module.load (node:internal/modules/cjs/loader:1441:32)
2025-09-23T19:27:51:     at Function._load (node:internal/modules/cjs/loader:1263:12)
2025-09-23T19:27:56: C:\Users\SandroNapan(Proyecto\Documents\GitHub\login-osinergmin\server.js:496
2025-09-23T19:27:56:     } catch (err) {
2025-09-23T19:27:56:       ^^^^^
2025-09-23T19:27:56: 
2025-09-23T19:27:56: SyntaxError: Unexpected token 'catch'
2025-09-23T19:27:56:     at wrapSafe (node:internal/modules/cjs/loader:1638:18)
2025-09-23T19:27:56:     at Module._compile (node:internal/modules/cjs/loader:1680:20)
2025-09-23T19:27:56:     at Object..js (node:internal/modules/cjs/loader:1839:10)
2025-09-23T19:27:56:     at Module.load (node:internal/modules/cjs/loader:1441:32)
2025-09-23T19:27:56:     at Function._load (node:internal/modules/cjs/loader:1263:12)
2025-09-23T19:27:56:     at Object.<anonymous> (C:\Users\SandroNapan(Proyecto\AppData\Roaming\npm\node_modules\pm2\lib\ProcessContainerFork.js:33:23)
2025-09-23T19:27:56:     at Module._compile (node:internal/modules/cjs/loader:1706:14)
2025-09-23T19:27:56:     at Object..js (node:internal/modules/cjs/loader:1839:10)
2025-09-23T19:27:56:     at Module.load (node:internal/modules/cjs/loader:1441:32)
2025-09-23T19:27:56:     at Function._load (node:internal/modules/cjs/loader:1263:12)
2025-09-23T19:28:01: C:\Users\SandroNapan(Proyecto\Documents\GitHub\login-osinergmin\server.js:496
2025-09-23T19:28:01:     } catch (err) {
2025-09-23T19:28:01:       ^^^^^
2025-09-23T19:28:01: 
2025-09-23T19:28:01: SyntaxError: Unexpected token 'catch'
2025-09-23T19:28:01:     at wrapSafe (node:internal/modules/cjs/loader:1638:18)
2025-09-23T19:28:01:     at Module._compile (node:internal/modules/cjs/loader:1680:20)
2025-09-23T19:28:01:     at Object..js (node:internal/modules/cjs/loader:1839:10)
2025-09-23T19:28:01:     at Module.load (node:internal/modules/cjs/loader:1441:32)
2025-09-23T19:28:01:     at Function._load (node:internal/modules/cjs/loader:1263:12)
2025-09-23T19:28:01:     at Object.<anonymous> (C:\Users\SandroNapan(Proyecto\AppData\Roaming\npm\node_modules\pm2\lib\ProcessContainerFork.js:33:23)
2025-09-23T19:28:01:     at Module._compile (node:internal/modules/cjs/loader:1706:14)
2025-09-23T19:28:01:     at Object..js (node:internal/modules/cjs/loader:1839:10)
2025-09-23T19:28:01:     at Module.load (node:internal/modules/cjs/loader:1441:32)
2025-09-23T19:28:01:     at Function._load (node:internal/modules/cjs/loader:1263:12)
2025-09-23T19:28:07: C:\Users\SandroNapan(Proyecto\Documents\GitHub\login-osinergmin\server.js:496
2025-09-23T19:28:07:     } catch (err) {
2025-09-23T19:28:07:       ^^^^^
2025-09-23T19:28:07: 
2025-09-23T19:28:07: SyntaxError: Unexpected token 'catch'
2025-09-23T19:28:07:     at wrapSafe (node:internal/modules/cjs/loader:1638:18)
2025-09-23T19:28:07:     at Module._compile (node:internal/modules/cjs/loader:1680:20)
2025-09-23T19:28:07:     at Object..js (node:internal/modules/cjs/loader:1839:10)
2025-09-23T19:28:07:     at Module.load (node:internal/modules/cjs/loader:1441:32)
2025-09-23T19:28:07:     at Function._load (node:internal/modules/cjs/loader:1263:12)
2025-09-23T19:28:07:     at Object.<anonymous> (C:\Users\SandroNapan(Proyecto\AppData\Roaming\npm\node_modules\pm2\lib\ProcessContainerFork.js:33:23)
2025-09-23T19:28:07:     at Module._compile (node:internal/modules/cjs/loader:1706:14)
2025-09-23T19:28:07:     at Object..js (node:internal/modules/cjs/loader:1839:10)
2025-09-23T19:28:07:     at Module.load (node:internal/modules/cjs/loader:1441:32)
2025-09-23T19:28:07:     at Function._load (node:internal/modules/cjs/loader:1263:12)
2025-09-23T19:28:12: C:\Users\SandroNapan(Proyecto\Documents\GitHub\login-osinergmin\server.js:496
2025-09-23T19:28:12:     } catch (err) {
2025-09-23T19:28:12:       ^^^^^
2025-09-23T19:28:12: 
2025-09-23T19:28:12: SyntaxError: Unexpected token 'catch'
2025-09-23T19:28:12:     at wrapSafe (node:internal/modules/cjs/loader:1638:18)
2025-09-23T19:28:12:     at Module._compile (node:internal/modules/cjs/loader:1680:20)
2025-09-23T19:28:12:     at Object..js (node:internal/modules/cjs/loader:1839:10)
2025-09-23T19:28:12:     at Module.load (node:internal/modules/cjs/loader:1441:32)
2025-09-23T19:28:12:     at Function._load (node:internal/modules/cjs/loader:1263:12)
2025-09-23T19:28:12:     at Object.<anonymous> (C:\Users\SandroNapan(Proyecto\AppData\Roaming\npm\node_modules\pm2\lib\ProcessContainerFork.js:33:23)
2025-09-23T19:28:12:     at Module._compile (node:internal/modules/cjs/loader:1706:14)
2025-09-23T19:28:12:     at Object..js (node:internal/modules/cjs/loader:1839:10)
2025-09-23T19:28:12:     at Module.load (node:internal/modules/cjs/loader:1441:32)
2025-09-23T19:28:12:     at Function._load (node:internal/modules/cjs/loader:1263:12)
2025-09-23T19:28:17: C:\Users\SandroNapan(Proyecto\Documents\GitHub\login-osinergmin\server.js:496
2025-09-23T19:28:17:     } catch (err) {
2025-09-23T19:28:17:       ^^^^^
2025-09-23T19:28:17: 
2025-09-23T19:28:17: SyntaxError: Unexpected token 'catch'
2025-09-23T19:28:17:     at wrapSafe (node:internal/modules/cjs/loader:1638:18)
2025-09-23T19:28:17:     at Module._compile (node:internal/modules/cjs/loader:1680:20)
2025-09-23T19:28:17:     at Object..js (node:internal/modules/cjs/loader:1839:10)
2025-09-23T19:28:17:     at Module.load (node:internal/modules/cjs/loader:1441:32)
2025-09-23T19:28:17:     at Function._load (node:internal/modules/cjs/loader:1263:12)
2025-09-23T19:28:17:     at Object.<anonymous> (C:\Users\SandroNapan(Proyecto\AppData\Roaming\npm\node_modules\pm2\lib\ProcessContainerFork.js:33:23)
2025-09-23T19:28:17:     at Module._compile (node:internal/modules/cjs/loader:1706:14)
2025-09-23T19:28:17:     at Object..js (node:internal/modules/cjs/loader:1839:10)
2025-09-23T19:28:17:     at Module.load (node:internal/modules/cjs/loader:1441:32)
2025-09-23T19:28:17:     at Function._load (node:internal/modules/cjs/loader:1263:12)
2025-09-23T19:28:22: C:\Users\SandroNapan(Proyecto\Documents\GitHub\login-osinergmin\server.js:496
2025-09-23T19:28:22:     } catch (err) {
2025-09-23T19:28:22:       ^^^^^
2025-09-23T19:28:22: 
2025-09-23T19:28:22: SyntaxError: Unexpected token 'catch'
2025-09-23T19:28:22:     at wrapSafe (node:internal/modules/cjs/loader:1638:18)
2025-09-23T19:28:22:     at Module._compile (node:internal/modules/cjs/loader:1680:20)
2025-09-23T19:28:22:     at Object..js (node:internal/modules/cjs/loader:1839:10)
2025-09-23T19:28:22:     at Module.load (node:internal/modules/cjs/loader:1441:32)
2025-09-23T19:28:22:     at Function._load (node:internal/modules/cjs/loader:1263:12)
2025-09-23T19:28:22:     at Object.<anonymous> (C:\Users\SandroNapan(Proyecto\AppData\Roaming\npm\node_modules\pm2\lib\ProcessContainerFork.js:33:23)
2025-09-23T19:28:22:     at Module._compile (node:internal/modules/cjs/loader:1706:14)
2025-09-23T19:28:22:     at Object..js (node:internal/modules/cjs/loader:1839:10)
2025-09-23T19:28:22:     at Module.load (node:internal/modules/cjs/loader:1441:32)
2025-09-23T19:28:22:     at Function._load (node:internal/modules/cjs/loader:1263:12)
2025-09-23T19:28:28: C:\Users\SandroNapan(Proyecto\Documents\GitHub\login-osinergmin\server.js:496
2025-09-23T19:28:28:     } catch (err) {
2025-09-23T19:28:28:       ^^^^^
2025-09-23T19:28:28: 
2025-09-23T19:28:28: SyntaxError: Unexpected token 'catch'
2025-09-23T19:28:28:     at wrapSafe (node:internal/modules/cjs/loader:1638:18)
2025-09-23T19:28:28:     at Module._compile (node:internal/modules/cjs/loader:1680:20)
2025-09-23T19:28:28:     at Object..js (node:internal/modules/cjs/loader:1839:10)
2025-09-23T19:28:28:     at Module.load (node:internal/modules/cjs/loader:1441:32)
2025-09-23T19:28:28:     at Function._load (node:internal/modules/cjs/loader:1263:12)
2025-09-23T19:28:28:     at Object.<anonymous> (C:\Users\SandroNapan(Proyecto\AppData\Roaming\npm\node_modules\pm2\lib\ProcessContainerFork.js:33:23)
2025-09-23T19:28:28:     at Module._compile (node:internal/modules/cjs/loader:1706:14)
2025-09-23T19:28:28:     at Object..js (node:internal/modules/cjs/loader:1839:10)
2025-09-23T19:28:28:     at Module.load (node:internal/modules/cjs/loader:1441:32)
2025-09-23T19:28:28:     at Function._load (node:internal/modules/cjs/loader:1263:12)
2025-09-23T19:28:33: C:\Users\SandroNapan(Proyecto\Documents\GitHub\login-osinergmin\server.js:496
2025-09-23T19:28:33:     } catch (err) {
2025-09-23T19:28:33:       ^^^^^
2025-09-23T19:28:33: 
2025-09-23T19:28:33: SyntaxError: Unexpected token 'catch'
2025-09-23T19:28:33:     at wrapSafe (node:internal/modules/cjs/loader:1638:18)
2025-09-23T19:28:33:     at Module._compile (node:internal/modules/cjs/loader:1680:20)
2025-09-23T19:28:33:     at Object..js (node:internal/modules/cjs/loader:1839:10)
2025-09-23T19:28:33:     at Module.load (node:internal/modules/cjs/loader:1441:32)
2025-09-23T19:28:33:     at Function._load (node:internal/modules/cjs/loader:1263:12)
2025-09-23T19:28:33:     at Object.<anonymous> (C:\Users\SandroNapan(Proyecto\AppData\Roaming\npm\node_modules\pm2\lib\ProcessContainerFork.js:33:23)
2025-09-23T19:28:33:     at Module._compile (node:internal/modules/cjs/loader:1706:14)
2025-09-23T19:28:33:     at Object..js (node:internal/modules/cjs/loader:1839:10)
2025-09-23T19:28:33:     at Module.load (node:internal/modules/cjs/loader:1441:32)
2025-09-23T19:28:33:     at Function._load (node:internal/modules/cjs/loader:1263:12)
2025-09-23T19:28:38: C:\Users\SandroNapan(Proyecto\Documents\GitHub\login-osinergmin\server.js:496
2025-09-23T19:28:38:     } catch (err) {
2025-09-23T19:28:38:       ^^^^^
2025-09-23T19:28:38: 
2025-09-23T19:28:38: SyntaxError: Unexpected token 'catch'
2025-09-23T19:28:38:     at wrapSafe (node:internal/modules/cjs/loader:1638:18)
2025-09-23T19:28:38:     at Module._compile (node:internal/modules/cjs/loader:1680:20)
2025-09-23T19:28:38:     at Object..js (node:internal/modules/cjs/loader:1839:10)
2025-09-23T19:28:38:     at Module.load (node:internal/modules/cjs/loader:1441:32)
2025-09-23T19:28:38:     at Function._load (node:internal/modules/cjs/loader:1263:12)
2025-09-23T19:28:38:     at Object.<anonymous> (C:\Users\SandroNapan(Proyecto\AppData\Roaming\npm\node_modules\pm2\lib\ProcessContainerFork.js:33:23)
2025-09-23T19:28:38:     at Module._compile (node:internal/modules/cjs/loader:1706:14)
2025-09-23T19:28:38:     at Object..js (node:internal/modules/cjs/loader:1839:10)
2025-09-23T19:28:38:     at Module.load (node:internal/modules/cjs/loader:1441:32)
2025-09-23T19:28:38:     at Function._load (node:internal/modules/cjs/loader:1263:12)
2025-09-23T19:28:43: C:\Users\SandroNapan(Proyecto\Documents\GitHub\login-osinergmin\server.js:496
2025-09-23T19:28:43:     } catch (err) {
2025-09-23T19:28:43:       ^^^^^
2025-09-23T19:28:43: 
2025-09-23T19:28:43: SyntaxError: Unexpected token 'catch'
2025-09-23T19:28:43:     at wrapSafe (node:internal/modules/cjs/loader:1638:18)
2025-09-23T19:28:43:     at Module._compile (node:internal/modules/cjs/loader:1680:20)
2025-09-23T19:28:43:     at Object..js (node:internal/modules/cjs/loader:1839:10)
2025-09-23T19:28:43:     at Module.load (node:internal/modules/cjs/loader:1441:32)
2025-09-23T19:28:43:     at Function._load (node:internal/modules/cjs/loader:1263:12)
2025-09-23T19:28:43:     at Object.<anonymous> (C:\Users\SandroNapan(Proyecto\AppData\Roaming\npm\node_modules\pm2\lib\ProcessContainerFork.js:33:23)
2025-09-23T19:28:43:     at Module._compile (node:internal/modules/cjs/loader:1706:14)
2025-09-23T19:28:43:     at Object..js (node:internal/modules/cjs/loader:1839:10)
2025-09-23T19:28:43:     at Module.load (node:internal/modules/cjs/loader:1441:32)
2025-09-23T19:28:43:     at Function._load (node:internal/modules/cjs/loader:1263:12)
2025-09-23T19:28:49: C:\Users\SandroNapan(Proyecto\Documents\GitHub\login-osinergmin\server.js:496
2025-09-23T19:28:49:     } catch (err) {
2025-09-23T19:28:49:       ^^^^^
2025-09-23T19:28:49: 
2025-09-23T19:28:49: SyntaxError: Unexpected token 'catch'
2025-09-23T19:28:49:     at wrapSafe (node:internal/modules/cjs/loader:1638:18)
2025-09-23T19:28:49:     at Module._compile (node:internal/modules/cjs/loader:1680:20)
2025-09-23T19:28:49:     at Object..js (node:internal/modules/cjs/loader:1839:10)
2025-09-23T19:28:49:     at Module.load (node:internal/modules/cjs/loader:1441:32)
2025-09-23T19:28:49:     at Function._load (node:internal/modules/cjs/loader:1263:12)
2025-09-23T19:28:49:     at Object.<anonymous> (C:\Users\SandroNapan(Proyecto\AppData\Roaming\npm\node_modules\pm2\lib\ProcessContainerFork.js:33:23)
2025-09-23T19:28:49:     at Module._compile (node:internal/modules/cjs/loader:1706:14)
2025-09-23T19:28:49:     at Object..js (node:internal/modules/cjs/loader:1839:10)
2025-09-23T19:28:49:     at Module.load (node:internal/modules/cjs/loader:1441:32)
2025-09-23T19:28:49:     at Function._load (node:internal/modules/cjs/loader:1263:12)
2025-09-23T19:28:54: C:\Users\SandroNapan(Proyecto\Documents\GitHub\login-osinergmin\server.js:496
2025-09-23T19:28:54:     } catch (err) {
2025-09-23T19:28:54:       ^^^^^
2025-09-23T19:28:54: 
2025-09-23T19:28:54: SyntaxError: Unexpected token 'catch'
2025-09-23T19:28:54:     at wrapSafe (node:internal/modules/cjs/loader:1638:18)
2025-09-23T19:28:54:     at Module._compile (node:internal/modules/cjs/loader:1680:20)
2025-09-23T19:28:54:     at Object..js (node:internal/modules/cjs/loader:1839:10)
2025-09-23T19:28:54:     at Module.load (node:internal/modules/cjs/loader:1441:32)
2025-09-23T19:28:54:     at Function._load (node:internal/modules/cjs/loader:1263:12)
2025-09-23T19:28:54:     at Object.<anonymous> (C:\Users\SandroNapan(Proyecto\AppData\Roaming\npm\node_modules\pm2\lib\ProcessContainerFork.js:33:23)
2025-09-23T19:28:54:     at Module._compile (node:internal/modules/cjs/loader:1706:14)
2025-09-23T19:28:54:     at Object..js (node:internal/modules/cjs/loader:1839:10)
2025-09-23T19:28:54:     at Module.load (node:internal/modules/cjs/loader:1441:32)
2025-09-23T19:28:54:     at Function._load (node:internal/modules/cjs/loader:1263:12)
2025-09-23T19:28:59: C:\Users\SandroNapan(Proyecto\Documents\GitHub\login-osinergmin\server.js:496
2025-09-23T19:28:59:     } catch (err) {
2025-09-23T19:28:59:       ^^^^^
2025-09-23T19:28:59: 
2025-09-23T19:28:59: SyntaxError: Unexpected token 'catch'
2025-09-23T19:28:59:     at wrapSafe (node:internal/modules/cjs/loader:1638:18)
2025-09-23T19:28:59:     at Module._compile (node:internal/modules/cjs/loader:1680:20)
2025-09-23T19:28:59:     at Object..js (node:internal/modules/cjs/loader:1839:10)
2025-09-23T19:28:59:     at Module.load (node:internal/modules/cjs/loader:1441:32)
2025-09-23T19:28:59:     at Function._load (node:internal/modules/cjs/loader:1263:12)
2025-09-23T19:28:59:     at Object.<anonymous> (C:\Users\SandroNapan(Proyecto\AppData\Roaming\npm\node_modules\pm2\lib\ProcessContainerFork.js:33:23)
2025-09-23T19:28:59:     at Module._compile (node:internal/modules/cjs/loader:1706:14)
2025-09-23T19:28:59:     at Object..js (node:internal/modules/cjs/loader:1839:10)
2025-09-23T19:28:59:     at Module.load (node:internal/modules/cjs/loader:1441:32)
2025-09-23T19:28:59:     at Function._load (node:internal/modules/cjs/loader:1263:12)
2025-09-23T19:29:04: C:\Users\SandroNapan(Proyecto\Documents\GitHub\login-osinergmin\server.js:496
2025-09-23T19:29:04:     } catch (err) {
2025-09-23T19:29:04:       ^^^^^
2025-09-23T19:29:04: 
2025-09-23T19:29:04: SyntaxError: Unexpected token 'catch'
2025-09-23T19:29:04:     at wrapSafe (node:internal/modules/cjs/loader:1638:18)
2025-09-23T19:29:04:     at Module._compile (node:internal/modules/cjs/loader:1680:20)
2025-09-23T19:29:04:     at Object..js (node:internal/modules/cjs/loader:1839:10)
2025-09-23T19:29:04:     at Module.load (node:internal/modules/cjs/loader:1441:32)
2025-09-23T19:29:04:     at Function._load (node:internal/modules/cjs/loader:1263:12)
2025-09-23T19:29:04:     at Object.<anonymous> (C:\Users\SandroNapan(Proyecto\AppData\Roaming\npm\node_modules\pm2\lib\ProcessContainerFork.js:33:23)
2025-09-23T19:29:04:     at Module._compile (node:internal/modules/cjs/loader:1706:14)
2025-09-23T19:29:04:     at Object..js (node:internal/modules/cjs/loader:1839:10)
2025-09-23T19:29:04:     at Module.load (node:internal/modules/cjs/loader:1441:32)
2025-09-23T19:29:04:     at Function._load (node:internal/modules/cjs/loader:1263:12)
2025-09-23T19:29:10: C:\Users\SandroNapan(Proyecto\Documents\GitHub\login-osinergmin\server.js:496
2025-09-23T19:29:10:     } catch (err) {
2025-09-23T19:29:10:       ^^^^^
2025-09-23T19:29:10: 
2025-09-23T19:29:10: SyntaxError: Unexpected token 'catch'
2025-09-23T19:29:10:     at wrapSafe (node:internal/modules/cjs/loader:1638:18)
2025-09-23T19:29:10:     at Module._compile (node:internal/modules/cjs/loader:1680:20)
2025-09-23T19:29:10:     at Object..js (node:internal/modules/cjs/loader:1839:10)
2025-09-23T19:29:10:     at Module.load (node:internal/modules/cjs/loader:1441:32)
2025-09-23T19:29:10:     at Function._load (node:internal/modules/cjs/loader:1263:12)
2025-09-23T19:29:10:     at Object.<anonymous> (C:\Users\SandroNapan(Proyecto\AppData\Roaming\npm\node_modules\pm2\lib\ProcessContainerFork.js:33:23)
2025-09-23T19:29:10:     at Module._compile (node:internal/modules/cjs/loader:1706:14)
2025-09-23T19:29:10:     at Object..js (node:internal/modules/cjs/loader:1839:10)
2025-09-23T19:29:10:     at Module.load (node:internal/modules/cjs/loader:1441:32)
2025-09-23T19:29:10:     at Function._load (node:internal/modules/cjs/loader:1263:12)
2025-09-23T19:29:15: C:\Users\SandroNapan(Proyecto\Documents\GitHub\login-osinergmin\server.js:496
2025-09-23T19:29:15:     } catch (err) {
2025-09-23T19:29:15:       ^^^^^
2025-09-23T19:29:15: 
2025-09-23T19:29:15: SyntaxError: Unexpected token 'catch'
2025-09-23T19:29:15:     at wrapSafe (node:internal/modules/cjs/loader:1638:18)
2025-09-23T19:29:15:     at Module._compile (node:internal/modules/cjs/loader:1680:20)
2025-09-23T19:29:15:     at Object..js (node:internal/modules/cjs/loader:1839:10)
2025-09-23T19:29:15:     at Module.load (node:internal/modules/cjs/loader:1441:32)
2025-09-23T19:29:15:     at Function._load (node:internal/modules/cjs/loader:1263:12)
2025-09-23T19:29:15:     at Object.<anonymous> (C:\Users\SandroNapan(Proyecto\AppData\Roaming\npm\node_modules\pm2\lib\ProcessContainerFork.js:33:23)
2025-09-23T19:29:15:     at Module._compile (node:internal/modules/cjs/loader:1706:14)
2025-09-23T19:29:15:     at Object..js (node:internal/modules/cjs/loader:1839:10)
2025-09-23T19:29:15:     at Module.load (node:internal/modules/cjs/loader:1441:32)
2025-09-23T19:29:15:     at Function._load (node:internal/modules/cjs/loader:1263:12)
2025-09-23T19:29:20: C:\Users\SandroNapan(Proyecto\Documents\GitHub\login-osinergmin\server.js:496
2025-09-23T19:29:20:     } catch (err) {
2025-09-23T19:29:20:       ^^^^^
2025-09-23T19:29:20: 
2025-09-23T19:29:20: SyntaxError: Unexpected token 'catch'
2025-09-23T19:29:20:     at wrapSafe (node:internal/modules/cjs/loader:1638:18)
2025-09-23T19:29:20:     at Module._compile (node:internal/modules/cjs/loader:1680:20)
2025-09-23T19:29:20:     at Object..js (node:internal/modules/cjs/loader:1839:10)
2025-09-23T19:29:20:     at Module.load (node:internal/modules/cjs/loader:1441:32)
2025-09-23T19:29:20:     at Function._load (node:internal/modules/cjs/loader:1263:12)
2025-09-23T19:29:20:     at Object.<anonymous> (C:\Users\SandroNapan(Proyecto\AppData\Roaming\npm\node_modules\pm2\lib\ProcessContainerFork.js:33:23)
2025-09-23T19:29:20:     at Module._compile (node:internal/modules/cjs/loader:1706:14)
2025-09-23T19:29:20:     at Object..js (node:internal/modules/cjs/loader:1839:10)
2025-09-23T19:29:20:     at Module.load (node:internal/modules/cjs/loader:1441:32)
2025-09-23T19:29:20:     at Function._load (node:internal/modules/cjs/loader:1263:12)
2025-09-23T19:29:25: C:\Users\SandroNapan(Proyecto\Documents\GitHub\login-osinergmin\server.js:496
2025-09-23T19:29:25:     } catch (err) {
2025-09-23T19:29:25:       ^^^^^
2025-09-23T19:29:25: 
2025-09-23T19:29:25: SyntaxError: Unexpected token 'catch'
2025-09-23T19:29:25:     at wrapSafe (node:internal/modules/cjs/loader:1638:18)
2025-09-23T19:29:25:     at Module._compile (node:internal/modules/cjs/loader:1680:20)
2025-09-23T19:29:25:     at Object..js (node:internal/modules/cjs/loader:1839:10)
2025-09-23T19:29:25:     at Module.load (node:internal/modules/cjs/loader:1441:32)
2025-09-23T19:29:25:     at Function._load (node:internal/modules/cjs/loader:1263:12)
2025-09-23T19:29:25:     at Object.<anonymous> (C:\Users\SandroNapan(Proyecto\AppData\Roaming\npm\node_modules\pm2\lib\ProcessContainerFork.js:33:23)
2025-09-23T19:29:25:     at Module._compile (node:internal/modules/cjs/loader:1706:14)
2025-09-23T19:29:25:     at Object..js (node:internal/modules/cjs/loader:1839:10)
2025-09-23T19:29:25:     at Module.load (node:internal/modules/cjs/loader:1441:32)
2025-09-23T19:29:25:     at Function._load (node:internal/modules/cjs/loader:1263:12)
2025-09-23T19:29:31: C:\Users\SandroNapan(Proyecto\Documents\GitHub\login-osinergmin\server.js:496
2025-09-23T19:29:31:     } catch (err) {
2025-09-23T19:29:31:       ^^^^^
2025-09-23T19:29:31: 
2025-09-23T19:29:31: SyntaxError: Unexpected token 'catch'
2025-09-23T19:29:31:     at wrapSafe (node:internal/modules/cjs/loader:1638:18)
2025-09-23T19:29:31:     at Module._compile (node:internal/modules/cjs/loader:1680:20)
2025-09-23T19:29:31:     at Object..js (node:internal/modules/cjs/loader:1839:10)
2025-09-23T19:29:31:     at Module.load (node:internal/modules/cjs/loader:1441:32)
2025-09-23T19:29:31:     at Function._load (node:internal/modules/cjs/loader:1263:12)
2025-09-23T19:29:31:     at Object.<anonymous> (C:\Users\SandroNapan(Proyecto\AppData\Roaming\npm\node_modules\pm2\lib\ProcessContainerFork.js:33:23)
2025-09-23T19:29:31:     at Module._compile (node:internal/modules/cjs/loader:1706:14)
2025-09-23T19:29:31:     at Object..js (node:internal/modules/cjs/loader:1839:10)
2025-09-23T19:29:31:     at Module.load (node:internal/modules/cjs/loader:1441:32)
2025-09-23T19:29:31:     at Function._load (node:internal/modules/cjs/loader:1263:12)
2025-09-23T19:29:36: C:\Users\SandroNapan(Proyecto\Documents\GitHub\login-osinergmin\server.js:496
2025-09-23T19:29:36:     } catch (err) {
2025-09-23T19:29:36:       ^^^^^
2025-09-23T19:29:36: 
2025-09-23T19:29:36: SyntaxError: Unexpected token 'catch'
2025-09-23T19:29:36:     at wrapSafe (node:internal/modules/cjs/loader:1638:18)
2025-09-23T19:29:36:     at Module._compile (node:internal/modules/cjs/loader:1680:20)
2025-09-23T19:29:36:     at Object..js (node:internal/modules/cjs/loader:1839:10)
2025-09-23T19:29:36:     at Module.load (node:internal/modules/cjs/loader:1441:32)
2025-09-23T19:29:36:     at Function._load (node:internal/modules/cjs/loader:1263:12)
2025-09-23T19:29:36:     at Object.<anonymous> (C:\Users\SandroNapan(Proyecto\AppData\Roaming\npm\node_modules\pm2\lib\ProcessContainerFork.js:33:23)
2025-09-23T19:29:36:     at Module._compile (node:internal/modules/cjs/loader:1706:14)
2025-09-23T19:29:36:     at Object..js (node:internal/modules/cjs/loader:1839:10)
2025-09-23T19:29:36:     at Module.load (node:internal/modules/cjs/loader:1441:32)
2025-09-23T19:29:36:     at Function._load (node:internal/modules/cjs/loader:1263:12)
2025-09-23T19:29:41: C:\Users\SandroNapan(Proyecto\Documents\GitHub\login-osinergmin\server.js:496
2025-09-23T19:29:41:     } catch (err) {
2025-09-23T19:29:41:       ^^^^^
2025-09-23T19:29:41: 
2025-09-23T19:29:41: SyntaxError: Unexpected token 'catch'
2025-09-23T19:29:41:     at wrapSafe (node:internal/modules/cjs/loader:1638:18)
2025-09-23T19:29:41:     at Module._compile (node:internal/modules/cjs/loader:1680:20)
2025-09-23T19:29:41:     at Object..js (node:internal/modules/cjs/loader:1839:10)
2025-09-23T19:29:41:     at Module.load (node:internal/modules/cjs/loader:1441:32)
2025-09-23T19:29:41:     at Function._load (node:internal/modules/cjs/loader:1263:12)
2025-09-23T19:29:41:     at Object.<anonymous> (C:\Users\SandroNapan(Proyecto\AppData\Roaming\npm\node_modules\pm2\lib\ProcessContainerFork.js:33:23)
2025-09-23T19:29:41:     at Module._compile (node:internal/modules/cjs/loader:1706:14)
2025-09-23T19:29:41:     at Object..js (node:internal/modules/cjs/loader:1839:10)
2025-09-23T19:29:41:     at Module.load (node:internal/modules/cjs/loader:1441:32)
2025-09-23T19:29:41:     at Function._load (node:internal/modules/cjs/loader:1263:12)
2025-09-23T19:29:46: C:\Users\SandroNapan(Proyecto\Documents\GitHub\login-osinergmin\server.js:496
2025-09-23T19:29:46:     } catch (err) {
2025-09-23T19:29:46:       ^^^^^
2025-09-23T19:29:46: 
2025-09-23T19:29:46: SyntaxError: Unexpected token 'catch'
2025-09-23T19:29:46:     at wrapSafe (node:internal/modules/cjs/loader:1638:18)
2025-09-23T19:29:46:     at Module._compile (node:internal/modules/cjs/loader:1680:20)
2025-09-23T19:29:46:     at Object..js (node:internal/modules/cjs/loader:1839:10)
2025-09-23T19:29:46:     at Module.load (node:internal/modules/cjs/loader:1441:32)
2025-09-23T19:29:46:     at Function._load (node:internal/modules/cjs/loader:1263:12)
2025-09-23T19:29:46:     at Object.<anonymous> (C:\Users\SandroNapan(Proyecto\AppData\Roaming\npm\node_modules\pm2\lib\ProcessContainerFork.js:33:23)
2025-09-23T19:29:46:     at Module._compile (node:internal/modules/cjs/loader:1706:14)
2025-09-23T19:29:46:     at Object..js (node:internal/modules/cjs/loader:1839:10)
2025-09-23T19:29:46:     at Module.load (node:internal/modules/cjs/loader:1441:32)
2025-09-23T19:29:46:     at Function._load (node:internal/modules/cjs/loader:1263:12)
2025-09-23T19:29:52: C:\Users\SandroNapan(Proyecto\Documents\GitHub\login-osinergmin\server.js:496
2025-09-23T19:29:52:     } catch (err) {
2025-09-23T19:29:52:       ^^^^^
2025-09-23T19:29:52: 
2025-09-23T19:29:52: SyntaxError: Unexpected token 'catch'
2025-09-23T19:29:52:     at wrapSafe (node:internal/modules/cjs/loader:1638:18)
2025-09-23T19:29:52:     at Module._compile (node:internal/modules/cjs/loader:1680:20)
2025-09-23T19:29:52:     at Object..js (node:internal/modules/cjs/loader:1839:10)
2025-09-23T19:29:52:     at Module.load (node:internal/modules/cjs/loader:1441:32)
2025-09-23T19:29:52:     at Function._load (node:internal/modules/cjs/loader:1263:12)
2025-09-23T19:29:52:     at Object.<anonymous> (C:\Users\SandroNapan(Proyecto\AppData\Roaming\npm\node_modules\pm2\lib\ProcessContainerFork.js:33:23)
2025-09-23T19:29:52:     at Module._compile (node:internal/modules/cjs/loader:1706:14)
2025-09-23T19:29:52:     at Object..js (node:internal/modules/cjs/loader:1839:10)
2025-09-23T19:29:52:     at Module.load (node:internal/modules/cjs/loader:1441:32)
2025-09-23T19:29:52:     at Function._load (node:internal/modules/cjs/loader:1263:12)
2025-09-23T19:29:57: C:\Users\SandroNapan(Proyecto\Documents\GitHub\login-osinergmin\server.js:496
2025-09-23T19:29:57:     } catch (err) {
2025-09-23T19:29:57:       ^^^^^
2025-09-23T19:29:57: 
2025-09-23T19:29:57: SyntaxError: Unexpected token 'catch'
2025-09-23T19:29:57:     at wrapSafe (node:internal/modules/cjs/loader:1638:18)
2025-09-23T19:29:57:     at Module._compile (node:internal/modules/cjs/loader:1680:20)
2025-09-23T19:29:57:     at Object..js (node:internal/modules/cjs/loader:1839:10)
2025-09-23T19:29:57:     at Module.load (node:internal/modules/cjs/loader:1441:32)
2025-09-23T19:29:57:     at Function._load (node:internal/modules/cjs/loader:1263:12)
2025-09-23T19:29:57:     at Object.<anonymous> (C:\Users\SandroNapan(Proyecto\AppData\Roaming\npm\node_modules\pm2\lib\ProcessContainerFork.js:33:23)
2025-09-23T19:29:57:     at Module._compile (node:internal/modules/cjs/loader:1706:14)
2025-09-23T19:29:57:     at Object..js (node:internal/modules/cjs/loader:1839:10)
2025-09-23T19:29:57:     at Module.load (node:internal/modules/cjs/loader:1441:32)
2025-09-23T19:29:57:     at Function._load (node:internal/modules/cjs/loader:1263:12)
2025-09-23T19:30:02: C:\Users\SandroNapan(Proyecto\Documents\GitHub\login-osinergmin\server.js:496
2025-09-23T19:30:02:     } catch (err) {
2025-09-23T19:30:02:       ^^^^^
2025-09-23T19:30:02: 
2025-09-23T19:30:02: SyntaxError: Unexpected token 'catch'
2025-09-23T19:30:02:     at wrapSafe (node:internal/modules/cjs/loader:1638:18)
2025-09-23T19:30:02:     at Module._compile (node:internal/modules/cjs/loader:1680:20)
2025-09-23T19:30:02:     at Object..js (node:internal/modules/cjs/loader:1839:10)
2025-09-23T19:30:02:     at Module.load (node:internal/modules/cjs/loader:1441:32)
2025-09-23T19:30:02:     at Function._load (node:internal/modules/cjs/loader:1263:12)
2025-09-23T19:30:02:     at Object.<anonymous> (C:\Users\SandroNapan(Proyecto\AppData\Roaming\npm\node_modules\pm2\lib\ProcessContainerFork.js:33:23)
2025-09-23T19:30:02:     at Module._compile (node:internal/modules/cjs/loader:1706:14)
2025-09-23T19:30:02:     at Object..js (node:internal/modules/cjs/loader:1839:10)
2025-09-23T19:30:02:     at Module.load (node:internal/modules/cjs/loader:1441:32)
2025-09-23T19:30:02:     at Function._load (node:internal/modules/cjs/loader:1263:12)
2025-09-23T19:30:07: C:\Users\SandroNapan(Proyecto\Documents\GitHub\login-osinergmin\server.js:496
2025-09-23T19:30:07:     } catch (err) {
2025-09-23T19:30:07:       ^^^^^
2025-09-23T19:30:07: 
2025-09-23T19:30:07: SyntaxError: Unexpected token 'catch'
2025-09-23T19:30:07:     at wrapSafe (node:internal/modules/cjs/loader:1638:18)
2025-09-23T19:30:07:     at Module._compile (node:internal/modules/cjs/loader:1680:20)
2025-09-23T19:30:07:     at Object..js (node:internal/modules/cjs/loader:1839:10)
2025-09-23T19:30:07:     at Module.load (node:internal/modules/cjs/loader:1441:32)
2025-09-23T19:30:07:     at Function._load (node:internal/modules/cjs/loader:1263:12)
2025-09-23T19:30:07:     at Object.<anonymous> (C:\Users\SandroNapan(Proyecto\AppData\Roaming\npm\node_modules\pm2\lib\ProcessContainerFork.js:33:23)
2025-09-23T19:30:07:     at Module._compile (node:internal/modules/cjs/loader:1706:14)
2025-09-23T19:30:07:     at Object..js (node:internal/modules/cjs/loader:1839:10)
2025-09-23T19:30:07:     at Module.load (node:internal/modules/cjs/loader:1441:32)
2025-09-23T19:30:07:     at Function._load (node:internal/modules/cjs/loader:1263:12)
2025-09-23T19:30:13: C:\Users\SandroNapan(Proyecto\Documents\GitHub\login-osinergmin\server.js:496
2025-09-23T19:30:13:     } catch (err) {
2025-09-23T19:30:13:       ^^^^^
2025-09-23T19:30:13: 
2025-09-23T19:30:13: SyntaxError: Unexpected token 'catch'
2025-09-23T19:30:13:     at wrapSafe (node:internal/modules/cjs/loader:1638:18)
2025-09-23T19:30:13:     at Module._compile (node:internal/modules/cjs/loader:1680:20)
2025-09-23T19:30:13:     at Object..js (node:internal/modules/cjs/loader:1839:10)
2025-09-23T19:30:13:     at Module.load (node:internal/modules/cjs/loader:1441:32)
2025-09-23T19:30:13:     at Function._load (node:internal/modules/cjs/loader:1263:12)
2025-09-23T19:30:13:     at Object.<anonymous> (C:\Users\SandroNapan(Proyecto\AppData\Roaming\npm\node_modules\pm2\lib\ProcessContainerFork.js:33:23)
2025-09-23T19:30:13:     at Module._compile (node:internal/modules/cjs/loader:1706:14)
2025-09-23T19:30:13:     at Object..js (node:internal/modules/cjs/loader:1839:10)
2025-09-23T19:30:13:     at Module.load (node:internal/modules/cjs/loader:1441:32)
2025-09-23T19:30:13:     at Function._load (node:internal/modules/cjs/loader:1263:12)
2025-09-23T19:30:18: C:\Users\SandroNapan(Proyecto\Documents\GitHub\login-osinergmin\server.js:496
2025-09-23T19:30:18:     } catch (err) {
2025-09-23T19:30:18:       ^^^^^
2025-09-23T19:30:18: 
2025-09-23T19:30:18: SyntaxError: Unexpected token 'catch'
2025-09-23T19:30:18:     at wrapSafe (node:internal/modules/cjs/loader:1638:18)
2025-09-23T19:30:18:     at Module._compile (node:internal/modules/cjs/loader:1680:20)
2025-09-23T19:30:18:     at Object..js (node:internal/modules/cjs/loader:1839:10)
2025-09-23T19:30:18:     at Module.load (node:internal/modules/cjs/loader:1441:32)
2025-09-23T19:30:18:     at Function._load (node:internal/modules/cjs/loader:1263:12)
2025-09-23T19:30:18:     at Object.<anonymous> (C:\Users\SandroNapan(Proyecto\AppData\Roaming\npm\node_modules\pm2\lib\ProcessContainerFork.js:33:23)
2025-09-23T19:30:18:     at Module._compile (node:internal/modules/cjs/loader:1706:14)
2025-09-23T19:30:18:     at Object..js (node:internal/modules/cjs/loader:1839:10)
2025-09-23T19:30:18:     at Module.load (node:internal/modules/cjs/loader:1441:32)
2025-09-23T19:30:18:     at Function._load (node:internal/modules/cjs/loader:1263:12)
2025-09-23T19:30:23: C:\Users\SandroNapan(Proyecto\Documents\GitHub\login-osinergmin\server.js:496
2025-09-23T19:30:23:     } catch (err) {
2025-09-23T19:30:23:       ^^^^^
2025-09-23T19:30:23: 
2025-09-23T19:30:23: SyntaxError: Unexpected token 'catch'
2025-09-23T19:30:23:     at wrapSafe (node:internal/modules/cjs/loader:1638:18)
2025-09-23T19:30:23:     at Module._compile (node:internal/modules/cjs/loader:1680:20)
2025-09-23T19:30:23:     at Object..js (node:internal/modules/cjs/loader:1839:10)
2025-09-23T19:30:23:     at Module.load (node:internal/modules/cjs/loader:1441:32)
2025-09-23T19:30:23:     at Function._load (node:internal/modules/cjs/loader:1263:12)
2025-09-23T19:30:23:     at Object.<anonymous> (C:\Users\SandroNapan(Proyecto\AppData\Roaming\npm\node_modules\pm2\lib\ProcessContainerFork.js:33:23)
2025-09-23T19:30:23:     at Module._compile (node:internal/modules/cjs/loader:1706:14)
2025-09-23T19:30:23:     at Object..js (node:internal/modules/cjs/loader:1839:10)
2025-09-23T19:30:23:     at Module.load (node:internal/modules/cjs/loader:1441:32)
2025-09-23T19:30:23:     at Function._load (node:internal/modules/cjs/loader:1263:12)
2025-09-23T19:30:28: C:\Users\SandroNapan(Proyecto\Documents\GitHub\login-osinergmin\server.js:496
2025-09-23T19:30:28:     } catch (err) {
2025-09-23T19:30:28:       ^^^^^
2025-09-23T19:30:28: 
2025-09-23T19:30:28: SyntaxError: Unexpected token 'catch'
2025-09-23T19:30:28:     at wrapSafe (node:internal/modules/cjs/loader:1638:18)
2025-09-23T19:30:28:     at Module._compile (node:internal/modules/cjs/loader:1680:20)
2025-09-23T19:30:28:     at Object..js (node:internal/modules/cjs/loader:1839:10)
2025-09-23T19:30:28:     at Module.load (node:internal/modules/cjs/loader:1441:32)
2025-09-23T19:30:28:     at Function._load (node:internal/modules/cjs/loader:1263:12)
2025-09-23T19:30:28:     at Object.<anonymous> (C:\Users\SandroNapan(Proyecto\AppData\Roaming\npm\node_modules\pm2\lib\ProcessContainerFork.js:33:23)
2025-09-23T19:30:28:     at Module._compile (node:internal/modules/cjs/loader:1706:14)
2025-09-23T19:30:28:     at Object..js (node:internal/modules/cjs/loader:1839:10)
2025-09-23T19:30:28:     at Module.load (node:internal/modules/cjs/loader:1441:32)
2025-09-23T19:30:28:     at Function._load (node:internal/modules/cjs/loader:1263:12)
2025-09-23T19:30:34: C:\Users\SandroNapan(Proyecto\Documents\GitHub\login-osinergmin\server.js:496
2025-09-23T19:30:34:     } catch (err) {
2025-09-23T19:30:34:       ^^^^^
2025-09-23T19:30:34: 
2025-09-23T19:30:34: SyntaxError: Unexpected token 'catch'
2025-09-23T19:30:34:     at wrapSafe (node:internal/modules/cjs/loader:1638:18)
2025-09-23T19:30:34:     at Module._compile (node:internal/modules/cjs/loader:1680:20)
2025-09-23T19:30:34:     at Object..js (node:internal/modules/cjs/loader:1839:10)
2025-09-23T19:30:34:     at Module.load (node:internal/modules/cjs/loader:1441:32)
2025-09-23T19:30:34:     at Function._load (node:internal/modules/cjs/loader:1263:12)
2025-09-23T19:30:34:     at Object.<anonymous> (C:\Users\SandroNapan(Proyecto\AppData\Roaming\npm\node_modules\pm2\lib\ProcessContainerFork.js:33:23)
2025-09-23T19:30:34:     at Module._compile (node:internal/modules/cjs/loader:1706:14)
2025-09-23T19:30:34:     at Object..js (node:internal/modules/cjs/loader:1839:10)
2025-09-23T19:30:34:     at Module.load (node:internal/modules/cjs/loader:1441:32)
2025-09-23T19:30:34:     at Function._load (node:internal/modules/cjs/loader:1263:12)
2025-09-23T19:30:39: C:\Users\SandroNapan(Proyecto\Documents\GitHub\login-osinergmin\server.js:496
2025-09-23T19:30:39:     } catch (err) {
2025-09-23T19:30:39:       ^^^^^
2025-09-23T19:30:39: 
2025-09-23T19:30:39: SyntaxError: Unexpected token 'catch'
2025-09-23T19:30:39:     at wrapSafe (node:internal/modules/cjs/loader:1638:18)
2025-09-23T19:30:39:     at Module._compile (node:internal/modules/cjs/loader:1680:20)
2025-09-23T19:30:39:     at Object..js (node:internal/modules/cjs/loader:1839:10)
2025-09-23T19:30:39:     at Module.load (node:internal/modules/cjs/loader:1441:32)
2025-09-23T19:30:39:     at Function._load (node:internal/modules/cjs/loader:1263:12)
2025-09-23T19:30:39:     at Object.<anonymous> (C:\Users\SandroNapan(Proyecto\AppData\Roaming\npm\node_modules\pm2\lib\ProcessContainerFork.js:33:23)
2025-09-23T19:30:39:     at Module._compile (node:internal/modules/cjs/loader:1706:14)
2025-09-23T19:30:39:     at Object..js (node:internal/modules/cjs/loader:1839:10)
2025-09-23T19:30:39:     at Module.load (node:internal/modules/cjs/loader:1441:32)
2025-09-23T19:30:39:     at Function._load (node:internal/modules/cjs/loader:1263:12)
2025-09-23T19:30:44: C:\Users\SandroNapan(Proyecto\Documents\GitHub\login-osinergmin\server.js:496
2025-09-23T19:30:44:     } catch (err) {
2025-09-23T19:30:44:       ^^^^^
2025-09-23T19:30:44: 
2025-09-23T19:30:44: SyntaxError: Unexpected token 'catch'
2025-09-23T19:30:44:     at wrapSafe (node:internal/modules/cjs/loader:1638:18)
2025-09-23T19:30:44:     at Module._compile (node:internal/modules/cjs/loader:1680:20)
2025-09-23T19:30:44:     at Object..js (node:internal/modules/cjs/loader:1839:10)
2025-09-23T19:30:44:     at Module.load (node:internal/modules/cjs/loader:1441:32)
2025-09-23T19:30:44:     at Function._load (node:internal/modules/cjs/loader:1263:12)
2025-09-23T19:30:44:     at Object.<anonymous> (C:\Users\SandroNapan(Proyecto\AppData\Roaming\npm\node_modules\pm2\lib\ProcessContainerFork.js:33:23)
2025-09-23T19:30:44:     at Module._compile (node:internal/modules/cjs/loader:1706:14)
2025-09-23T19:30:44:     at Object..js (node:internal/modules/cjs/loader:1839:10)
2025-09-23T19:30:44:     at Module.load (node:internal/modules/cjs/loader:1441:32)
2025-09-23T19:30:44:     at Function._load (node:internal/modules/cjs/loader:1263:12)
2025-09-23T19:30:49: C:\Users\SandroNapan(Proyecto\Documents\GitHub\login-osinergmin\server.js:496
2025-09-23T19:30:49:     } catch (err) {
2025-09-23T19:30:49:       ^^^^^
2025-09-23T19:30:49: 
2025-09-23T19:30:49: SyntaxError: Unexpected token 'catch'
2025-09-23T19:30:49:     at wrapSafe (node:internal/modules/cjs/loader:1638:18)
2025-09-23T19:30:49:     at Module._compile (node:internal/modules/cjs/loader:1680:20)
2025-09-23T19:30:49:     at Object..js (node:internal/modules/cjs/loader:1839:10)
2025-09-23T19:30:49:     at Module.load (node:internal/modules/cjs/loader:1441:32)
2025-09-23T19:30:49:     at Function._load (node:internal/modules/cjs/loader:1263:12)
2025-09-23T19:30:49:     at Object.<anonymous> (C:\Users\SandroNapan(Proyecto\AppData\Roaming\npm\node_modules\pm2\lib\ProcessContainerFork.js:33:23)
2025-09-23T19:30:49:     at Module._compile (node:internal/modules/cjs/loader:1706:14)
2025-09-23T19:30:49:     at Object..js (node:internal/modules/cjs/loader:1839:10)
2025-09-23T19:30:49:     at Module.load (node:internal/modules/cjs/loader:1441:32)
2025-09-23T19:30:49:     at Function._load (node:internal/modules/cjs/loader:1263:12)
2025-09-23T19:30:55: C:\Users\SandroNapan(Proyecto\Documents\GitHub\login-osinergmin\server.js:496
2025-09-23T19:30:55:     } catch (err) {
2025-09-23T19:30:55:       ^^^^^
2025-09-23T19:30:55: 
2025-09-23T19:30:55: SyntaxError: Unexpected token 'catch'
2025-09-23T19:30:55:     at wrapSafe (node:internal/modules/cjs/loader:1638:18)
2025-09-23T19:30:55:     at Module._compile (node:internal/modules/cjs/loader:1680:20)
2025-09-23T19:30:55:     at Object..js (node:internal/modules/cjs/loader:1839:10)
2025-09-23T19:30:55:     at Module.load (node:internal/modules/cjs/loader:1441:32)
2025-09-23T19:30:55:     at Function._load (node:internal/modules/cjs/loader:1263:12)
2025-09-23T19:30:55:     at Object.<anonymous> (C:\Users\SandroNapan(Proyecto\AppData\Roaming\npm\node_modules\pm2\lib\ProcessContainerFork.js:33:23)
2025-09-23T19:30:55:     at Module._compile (node:internal/modules/cjs/loader:1706:14)
2025-09-23T19:30:55:     at Object..js (node:internal/modules/cjs/loader:1839:10)
2025-09-23T19:30:55:     at Module.load (node:internal/modules/cjs/loader:1441:32)
2025-09-23T19:30:55:     at Function._load (node:internal/modules/cjs/loader:1263:12)
